<?xml version="1.0" encoding="UTF-8"?>
<!-- Generated by org.testng.reporters.JUnitReportReporter -->
<testsuite hostname="Sanju" failures="0" tests="1" name="setup.demo" time="7.058" errors="0" timestamp="2023-12-15T08:15:13 IST" skipped="0">
  <testcase classname="setup.demo" name="openFaceboobApp" time="7.058"/>
  <system-out/>
</testsuite> <!-- setup.demo -->
